Arguments: 
  /usr/local/Cellar/node/14.9.0/bin/node /usr/local/Cellar/yarn/1.22.5/libexec/bin/yarn.js add express

PATH: 
  /Users/ehsanjso/.gem/ruby/2.6.0/bin:/usr/local/bin:/usr/bin:/bin:/usr/sbin:/sbin:/Library/Apple/usr/bin:/Users/ehsanjso/.gem/ruby/2.6.0/bin

Yarn version: 
  1.22.5

Node version: 
  14.9.0

Platform: 
  darwin x64

Trace: 
  SyntaxError: /Users/ehsanjso/Desktop/work/cs889/cs889/backend/package.json: Unexpected end of JSON input
      at JSON.parse (<anonymous>)
      at /usr/local/Cellar/yarn/1.22.5/libexec/lib/cli.js:1625:59
      at Generator.next (<anonymous>)
      at step (/usr/local/Cellar/yarn/1.22.5/libexec/lib/cli.js:310:30)
      at /usr/local/Cellar/yarn/1.22.5/libexec/lib/cli.js:321:13

npm manifest: 
  

yarn manifest: 
  No manifest

Lockfile: 
  No lockfile
